<?xml version="1.0" encoding="UTF-8"?>
<testsuite name="The Rick and Morty Api automation" tests="4" skipped="0" failures="0" errors="0" timestamp="2021-08-24T03:08:43" hostname="DESKTOP-0H1RQCA" time="10.054">
  <properties/>
  <testcase name="Information about Cousin Nicky" classname="The Rick and Morty Api automation" time="7.357"/>
  <testcase name="Information about Evil Summer" classname="The Rick and Morty Api automation" time="0.812"/>
  <testcase name="Information about Evil Summer" classname="The Rick and Morty Api automation" time="1.114"/>
  <testcase name="Information about Evil Summer" classname="The Rick and Morty Api automation" time="0.748"/>
  <system-out><![CDATA[    Given the character https://rickandmortyapi.com                               # RickAndMortyStepDefinition.theCharacter(String)
    When the user wants to get the status of the character with /api/character/76 # RickAndMortyStepDefinition.theUserWantsToGetTheStatusOfTheCharacterWith(String)
    Then the user should see that he is Dead                                      # RickAndMortyStepDefinition.theUserShouldSeeThatHeIsStatus(String)
    Given the character https://rickandmortyapi.com                                    # RickAndMortyStepDefinition.theCharacter(String)
    When the user wants to get the statusCode of the character with /api/character/120 # RickAndMortyStepDefinition.theUserWantsToGetTheStatusCodeOfTheCharacterWith(String)
    Then the user should see that her statusCode is 200                                # RickAndMortyStepDefinition.theUserShouldSeeThatHerStatusCode(int)
    Given the character https://rickandmortyapi.com                                    # RickAndMortyStepDefinition.theCharacter(String)
    When the user wants to get the statusCode of the character with /api/character/672 # RickAndMortyStepDefinition.theUserWantsToGetTheStatusCodeOfTheCharacterWith(String)
    Then the user should see that her statusCode is 404                                # RickAndMortyStepDefinition.theUserShouldSeeThatHerStatusCode(int)
    Given the character https://rickandmortyapi.com                                    # RickAndMortyStepDefinition.theCharacter(String)
    When the user wants to get the statusCode of the character with /api/character/120 # RickAndMortyStepDefinition.theUserWantsToGetTheStatusCodeOfTheCharacterWith(String)
    Then the user should see that the statusCode is different to 404                   # RickAndMortyStepDefinition.theUserShouldSeeThatTheStatusCodeIsDifferentTo(int)
]]></system-out>
  <system-err><![CDATA[[Test worker] INFO net.thucydides.core.steps.ConsoleLoggingListener - 
        __    _____ _____ ____ _____   ____   _    ____  ____  _____ ____  
  _     \ \  |_   _| ____/ ___|_   _| |  _ \ / \  / ___|/ ___|| ____|  _ \ 
 (_)_____| |   | | |  _| \___ \ | |   | |_) / _ \ \___ \\___ \|  _| | | | |
  _|_____| |   | | | |___ ___) || |   |  __/ ___ \ ___) |___) | |___| |_| |
 (_)     | |   |_| |_____|____/ |_|   |_| /_/   \_\____/|____/|_____|____/ 
        /_/                                                                

TEST PASSED: Information about Cousin Nicky
----------------------------------------------------------------------------
[Test worker] INFO net.thucydides.core.steps.ConsoleLoggingListener - 
        __    _____ _____ ____ _____   ____   _    ____  ____  _____ ____  
  _     \ \  |_   _| ____/ ___|_   _| |  _ \ / \  / ___|/ ___|| ____|  _ \ 
 (_)_____| |   | | |  _| \___ \ | |   | |_) / _ \ \___ \\___ \|  _| | | | |
  _|_____| |   | | | |___ ___) || |   |  __/ ___ \ ___) |___) | |___| |_| |
 (_)     | |   |_| |_____|____/ |_|   |_| /_/   \_\____/|____/|_____|____/ 
        /_/                                                                

TEST PASSED: Information about Evil Summer
----------------------------------------------------------------------------
[Test worker] INFO net.thucydides.core.steps.ConsoleLoggingListener - 
        __    _____ _____ ____ _____   ____   _    ____  ____  _____ ____  
  _     \ \  |_   _| ____/ ___|_   _| |  _ \ / \  / ___|/ ___|| ____|  _ \ 
 (_)_____| |   | | |  _| \___ \ | |   | |_) / _ \ \___ \\___ \|  _| | | | |
  _|_____| |   | | | |___ ___) || |   |  __/ ___ \ ___) |___) | |___| |_| |
 (_)     | |   |_| |_____|____/ |_|   |_| /_/   \_\____/|____/|_____|____/ 
        /_/                                                                

TEST PASSED: Information about Evil Summer
----------------------------------------------------------------------------
[Test worker] INFO net.thucydides.core.steps.ConsoleLoggingListener - 
        __    _____ _____ ____ _____   ____   _    ____  ____  _____ ____  
  _     \ \  |_   _| ____/ ___|_   _| |  _ \ / \  / ___|/ ___|| ____|  _ \ 
 (_)_____| |   | | |  _| \___ \ | |   | |_) / _ \ \___ \\___ \|  _| | | | |
  _|_____| |   | | | |___ ___) || |   |  __/ ___ \ ___) |___) | |___| |_| |
 (_)     | |   |_| |_____|____/ |_|   |_| /_/   \_\____/|____/|_____|____/ 
        /_/                                                                

TEST PASSED: Information about Evil Summer
----------------------------------------------------------------------------
]]></system-err>
</testsuite>
